<?xml version="1.0" encoding="UTF-8"?>
<!-- Generated by org.testng.reporters.JUnitXMLReporter -->
<testsuite ignored="2" hostname="Imrans-Macbook-Pro.local" failures="0" tests="0" time="0.012" errors="0" timestamp="2025-07-26T16:01:21 IST">
  <testcase classname="SeleniumFrameworkDesign.Tests.Errorvalidation" name="loginErrorValidation" time="0.0">
    <ignored/>
  </testcase> <!-- loginErrorValidation -->
  <testcase classname="SeleniumFrameworkDesign.Tests.Errorvalidation" name="proderrorVal" time="0.0">
    <ignored/>
  </testcase> <!-- proderrorVal -->
</testsuite>
